[ERROR]: There are LVS errors in the design: See 'designs/manual_macro_placement_test/runs/RUN_2022.06.24_18.20.12/logs/signoff/33-manual_macro_placement_test.lvs.lef.log' for details.
[ERROR]: Flow failed.
